This is pdfTeX, Version 3.1415926-1.40.11 (TeX Live 2010) (format=pdflatex 2011.5.2)  10 AUG 2012 16:56
entering extended mode
 restricted \write18 enabled.
 file:line:error style messages enabled.
 %&-line parsing enabled.
**sst_index_draft.tex
(./sst_index_draft.tex
LaTeX2e <2009/09/24>
Babel <v3.8l> and hyphenation patterns for english, dumylang, nohyphenation, ge
rman-x-2009-06-19, ngerman-x-2009-06-19, afrikaans, ancientgreek, ibycus, arabi
c, armenian, basque, bulgarian, catalan, pinyin, coptic, croatian, czech, danis
h, dutch, ukenglish, usenglishmax, esperanto, estonian, ethiopic, farsi, finnis
h, french, galician, german, ngerman, swissgerman, monogreek, greek, hungarian,
 icelandic, assamese, bengali, gujarati, hindi, kannada, malayalam, marathi, or
iya, panjabi, tamil, telugu, indonesian, interlingua, irish, italian, kurmanji,
 lao, latin, latvian, lithuanian, mongolian, mongolianlmc, bokmal, nynorsk, pol
ish, portuguese, romanian, russian, sanskrit, serbian, slovak, slovenian, spani
sh, swedish, turkish, turkmen, ukrainian, uppersorbian, welsh, loaded.
(/usr/local/texlive/2010/texmf-dist/tex/latex/base/article.cls
Document Class: article 2007/10/19 v1.4h Standard LaTeX document class
(/usr/local/texlive/2010/texmf-dist/tex/latex/base/size10.clo
File: size10.clo 2007/10/19 v1.4h Standard LaTeX file (size option)
)
\c@part=\count79
\c@section=\count80
\c@subsection=\count81
\c@subsubsection=\count82
\c@paragraph=\count83
\c@subparagraph=\count84
\c@figure=\count85
\c@table=\count86
\abovecaptionskip=\skip41
\belowcaptionskip=\skip42
\bibindent=\dimen102
)
(/usr/local/texlive/2010/texmf-dist/tex/latex/base/inputenc.sty
Package: inputenc 2008/03/30 v1.1d Input encoding file
\inpenc@prehook=\toks14
\inpenc@posthook=\toks15

(/usr/local/texlive/2010/texmf-dist/tex/latex/base/utf8.def
File: utf8.def 2008/04/05 v1.1m UTF-8 support for inputenc
Now handling font encoding OML ...
... no UTF-8 mapping file for font encoding OML
Now handling font encoding T1 ...
... processing UTF-8 mapping file for font encoding T1

(/usr/local/texlive/2010/texmf-dist/tex/latex/base/t1enc.dfu
File: t1enc.dfu 2008/04/05 v1.1m UTF-8 support for inputenc
   defining Unicode char U+00A1 (decimal 161)
   defining Unicode char U+00A3 (decimal 163)
   defining Unicode char U+00AB (decimal 171)
   defining Unicode char U+00BB (decimal 187)
   defining Unicode char U+00BF (decimal 191)
   defining Unicode char U+00C0 (decimal 192)
   defining Unicode char U+00C1 (decimal 193)
   defining Unicode char U+00C2 (decimal 194)
   defining Unicode char U+00C3 (decimal 195)
   defining Unicode char U+00C4 (decimal 196)
   defining Unicode char U+00C5 (decimal 197)
   defining Unicode char U+00C6 (decimal 198)
   defining Unicode char U+00C7 (decimal 199)
   defining Unicode char U+00C8 (decimal 200)
   defining Unicode char U+00C9 (decimal 201)
   defining Unicode char U+00CA (decimal 202)
   defining Unicode char U+00CB (decimal 203)
   defining Unicode char U+00CC (decimal 204)
   defining Unicode char U+00CD (decimal 205)
   defining Unicode char U+00CE (decimal 206)
   defining Unicode char U+00CF (decimal 207)
   defining Unicode char U+00D0 (decimal 208)
   defining Unicode char U+00D1 (decimal 209)
   defining Unicode char U+00D2 (decimal 210)
   defining Unicode char U+00D3 (decimal 211)
   defining Unicode char U+00D4 (decimal 212)
   defining Unicode char U+00D5 (decimal 213)
   defining Unicode char U+00D6 (decimal 214)
   defining Unicode char U+00D8 (decimal 216)
   defining Unicode char U+00D9 (decimal 217)
   defining Unicode char U+00DA (decimal 218)
   defining Unicode char U+00DB (decimal 219)
   defining Unicode char U+00DC (decimal 220)
   defining Unicode char U+00DD (decimal 221)
   defining Unicode char U+00DE (decimal 222)
   defining Unicode char U+00DF (decimal 223)
   defining Unicode char U+00E0 (decimal 224)
   defining Unicode char U+00E1 (decimal 225)
   defining Unicode char U+00E2 (decimal 226)
   defining Unicode char U+00E3 (decimal 227)
   defining Unicode char U+00E4 (decimal 228)
   defining Unicode char U+00E5 (decimal 229)
   defining Unicode char U+00E6 (decimal 230)
   defining Unicode char U+00E7 (decimal 231)
   defining Unicode char U+00E8 (decimal 232)
   defining Unicode char U+00E9 (decimal 233)
   defining Unicode char U+00EA (decimal 234)
   defining Unicode char U+00EB (decimal 235)
   defining Unicode char U+00EC (decimal 236)
   defining Unicode char U+00ED (decimal 237)
   defining Unicode char U+00EE (decimal 238)
   defining Unicode char U+00EF (decimal 239)
   defining Unicode char U+00F0 (decimal 240)
   defining Unicode char U+00F1 (decimal 241)
   defining Unicode char U+00F2 (decimal 242)
   defining Unicode char U+00F3 (decimal 243)
   defining Unicode char U+00F4 (decimal 244)
   defining Unicode char U+00F5 (decimal 245)
   defining Unicode char U+00F6 (decimal 246)
   defining Unicode char U+00F8 (decimal 248)
   defining Unicode char U+00F9 (decimal 249)
   defining Unicode char U+00FA (decimal 250)
   defining Unicode char U+00FB (decimal 251)
   defining Unicode char U+00FC (decimal 252)
   defining Unicode char U+00FD (decimal 253)
   defining Unicode char U+00FE (decimal 254)
   defining Unicode char U+00FF (decimal 255)
   defining Unicode char U+0102 (decimal 258)
   defining Unicode char U+0103 (decimal 259)
   defining Unicode char U+0104 (decimal 260)
   defining Unicode char U+0105 (decimal 261)
   defining Unicode char U+0106 (decimal 262)
   defining Unicode char U+0107 (decimal 263)
   defining Unicode char U+010C (decimal 268)
   defining Unicode char U+010D (decimal 269)
   defining Unicode char U+010E (decimal 270)
   defining Unicode char U+010F (decimal 271)
   defining Unicode char U+0110 (decimal 272)
   defining Unicode char U+0111 (decimal 273)
   defining Unicode char U+0118 (decimal 280)
   defining Unicode char U+0119 (decimal 281)
   defining Unicode char U+011A (decimal 282)
   defining Unicode char U+011B (decimal 283)
   defining Unicode char U+011E (decimal 286)
   defining Unicode char U+011F (decimal 287)
   defining Unicode char U+0130 (decimal 304)
   defining Unicode char U+0131 (decimal 305)
   defining Unicode char U+0132 (decimal 306)
   defining Unicode char U+0133 (decimal 307)
   defining Unicode char U+0139 (decimal 313)
   defining Unicode char U+013A (decimal 314)
   defining Unicode char U+013D (decimal 317)
   defining Unicode char U+013E (decimal 318)
   defining Unicode char U+0141 (decimal 321)
   defining Unicode char U+0142 (decimal 322)
   defining Unicode char U+0143 (decimal 323)
   defining Unicode char U+0144 (decimal 324)
   defining Unicode char U+0147 (decimal 327)
   defining Unicode char U+0148 (decimal 328)
   defining Unicode char U+014A (decimal 330)
   defining Unicode char U+014B (decimal 331)
   defining Unicode char U+0150 (decimal 336)
   defining Unicode char U+0151 (decimal 337)
   defining Unicode char U+0152 (decimal 338)
   defining Unicode char U+0153 (decimal 339)
   defining Unicode char U+0154 (decimal 340)
   defining Unicode char U+0155 (decimal 341)
   defining Unicode char U+0158 (decimal 344)
   defining Unicode char U+0159 (decimal 345)
   defining Unicode char U+015A (decimal 346)
   defining Unicode char U+015B (decimal 347)
   defining Unicode char U+015E (decimal 350)
   defining Unicode char U+015F (decimal 351)
   defining Unicode char U+0160 (decimal 352)
   defining Unicode char U+0161 (decimal 353)
   defining Unicode char U+0162 (decimal 354)
   defining Unicode char U+0163 (decimal 355)
   defining Unicode char U+0164 (decimal 356)
   defining Unicode char U+0165 (decimal 357)
   defining Unicode char U+016E (decimal 366)
   defining Unicode char U+016F (decimal 367)
   defining Unicode char U+0170 (decimal 368)
   defining Unicode char U+0171 (decimal 369)
   defining Unicode char U+0178 (decimal 376)
   defining Unicode char U+0179 (decimal 377)
   defining Unicode char U+017A (decimal 378)
   defining Unicode char U+017B (decimal 379)
   defining Unicode char U+017C (decimal 380)
   defining Unicode char U+017D (decimal 381)
   defining Unicode char U+017E (decimal 382)
   defining Unicode char U+200C (decimal 8204)
   defining Unicode char U+2013 (decimal 8211)
   defining Unicode char U+2014 (decimal 8212)
   defining Unicode char U+2018 (decimal 8216)
   defining Unicode char U+2019 (decimal 8217)
   defining Unicode char U+201A (decimal 8218)
   defining Unicode char U+201C (decimal 8220)
   defining Unicode char U+201D (decimal 8221)
   defining Unicode char U+201E (decimal 8222)
   defining Unicode char U+2030 (decimal 8240)
   defining Unicode char U+2031 (decimal 8241)
   defining Unicode char U+2039 (decimal 8249)
   defining Unicode char U+203A (decimal 8250)
   defining Unicode char U+2423 (decimal 9251)
)
Now handling font encoding OT1 ...
... processing UTF-8 mapping file for font encoding OT1

(/usr/local/texlive/2010/texmf-dist/tex/latex/base/ot1enc.dfu
File: ot1enc.dfu 2008/04/05 v1.1m UTF-8 support for inputenc
   defining Unicode char U+00A1 (decimal 161)
   defining Unicode char U+00A3 (decimal 163)
   defining Unicode char U+00B8 (decimal 184)
   defining Unicode char U+00BF (decimal 191)
   defining Unicode char U+00C5 (decimal 197)
   defining Unicode char U+00C6 (decimal 198)
   defining Unicode char U+00D8 (decimal 216)
   defining Unicode char U+00DF (decimal 223)
   defining Unicode char U+00E6 (decimal 230)
   defining Unicode char U+00EC (decimal 236)
   defining Unicode char U+00ED (decimal 237)
   defining Unicode char U+00EE (decimal 238)
   defining Unicode char U+00EF (decimal 239)
   defining Unicode char U+00F8 (decimal 248)
   defining Unicode char U+0131 (decimal 305)
   defining Unicode char U+0141 (decimal 321)
   defining Unicode char U+0142 (decimal 322)
   defining Unicode char U+0152 (decimal 338)
   defining Unicode char U+0153 (decimal 339)
   defining Unicode char U+2013 (decimal 8211)
   defining Unicode char U+2014 (decimal 8212)
   defining Unicode char U+2018 (decimal 8216)
   defining Unicode char U+2019 (decimal 8217)
   defining Unicode char U+201C (decimal 8220)
   defining Unicode char U+201D (decimal 8221)
)
Now handling font encoding OMS ...
... processing UTF-8 mapping file for font encoding OMS

(/usr/local/texlive/2010/texmf-dist/tex/latex/base/omsenc.dfu
File: omsenc.dfu 2008/04/05 v1.1m UTF-8 support for inputenc
   defining Unicode char U+00A7 (decimal 167)
   defining Unicode char U+00B6 (decimal 182)
   defining Unicode char U+00B7 (decimal 183)
   defining Unicode char U+2020 (decimal 8224)
   defining Unicode char U+2021 (decimal 8225)
   defining Unicode char U+2022 (decimal 8226)
)
Now handling font encoding OMX ...
... no UTF-8 mapping file for font encoding OMX
Now handling font encoding U ...
... no UTF-8 mapping file for font encoding U
   defining Unicode char U+00A9 (decimal 169)
   defining Unicode char U+00AA (decimal 170)
   defining Unicode char U+00AE (decimal 174)
   defining Unicode char U+00BA (decimal 186)
   defining Unicode char U+02C6 (decimal 710)
   defining Unicode char U+02DC (decimal 732)
   defining Unicode char U+200C (decimal 8204)
   defining Unicode char U+2026 (decimal 8230)
   defining Unicode char U+2122 (decimal 8482)
   defining Unicode char U+2423 (decimal 9251)
))
(/usr/local/texlive/2010/texmf-dist/tex/latex/subfig/subfig.sty
Package: subfig 2005/06/28 ver: 1.3 subfig package

(/usr/local/texlive/2010/texmf-dist/tex/latex/graphics/keyval.sty
Package: keyval 1999/03/16 v1.13 key=value parser (DPC)
\KV@toks@=\toks16
)
(/usr/local/texlive/2010/texmf-dist/tex/latex/caption/caption.sty
Package: caption 2010/01/09 v3.1m Customizing captions (AR)

(/usr/local/texlive/2010/texmf-dist/tex/latex/caption/caption3.sty
Package: caption3 2010/01/14 v3.1m caption3 kernel (AR)
\captionmargin=\dimen103
\captionmargin@=\dimen104
\captionwidth=\dimen105
\caption@indent=\dimen106
\caption@parindent=\dimen107
\caption@hangindent=\dimen108
)
\c@ContinuedFloat=\count87
)
\c@KVtest=\count88
\sf@farskip=\skip43
\sf@captopadj=\dimen109
\sf@capskip=\skip44
\sf@nearskip=\skip45
\c@subfigure=\count89
\c@subfigure@save=\count90
\c@lofdepth=\count91
\c@subtable=\count92
\c@subtable@save=\count93
\c@lotdepth=\count94
\sf@top=\skip46
\sf@bottom=\skip47
)
(/usr/local/texlive/2010/texmf-dist/tex/latex/boxedminipage/boxedminipage.sty)
(/usr/local/texlive/2010/texmf-dist/tex/latex/listings/listings.sty
\lst@mode=\count95
\lst@gtempboxa=\box26
\lst@token=\toks17
\lst@length=\count96
\lst@currlwidth=\dimen110
\lst@column=\count97
\lst@pos=\count98
\lst@lostspace=\dimen111
\lst@width=\dimen112
\lst@newlines=\count99
\lst@lineno=\count100
\lst@maxwidth=\dimen113

(/usr/local/texlive/2010/texmf-dist/tex/latex/listings/lstmisc.sty
File: lstmisc.sty 2007/02/22 1.4 (Carsten Heinz)
\c@lstnumber=\count101
\lst@skipnumbers=\count102
\lst@framebox=\box27
)
(/usr/local/texlive/2010/texmf-dist/tex/latex/listings/listings.cfg
File: listings.cfg 2007/02/22 1.4 listings configuration
))
Package: listings 2007/02/22 1.4 (Carsten Heinz)

(/usr/local/texlive/2010/texmf-dist/tex/latex/minitoc/minitoc.sty
Package: minitoc 2008/07/16 v60 Package minitoc (JPFD)

(/usr/local/texlive/2010/texmf-dist/tex/latex/minitoc/mtcmess.sty
Package: mtcmess 2006/03/14
)
Package minitoc Info: I0001
(minitoc)             *** minitoc package, version 60 ***.
\tf@mtc=\write3
\mtcindent=\skip48
\mtcskipamount=\skip49
Package minitoc Info: I0005
(minitoc)             compatible with hyperref.
Package minitoc Info: I0023
(minitoc)             part level macros available.
Package minitoc Info: I0004
(minitoc)             chapter level macros NOT available.
Package minitoc Info: I0028
(minitoc)             section level macros available.
\mtc@toks=\toks18
\mtc@strutbox=\box28
\mtc@hstrutbox=\box29
Package minitoc Info: I0002
(minitoc)             Autoconfiguration of extensions.
\openout3 = `sst_index_draft.mtc0'.

\openout3 = `sst_index_draft.mtc'.


(./sst_index_draft.mtc0)
Package minitoc Info: I0012
(minitoc)             Long extensions (Unix-like) will be used.
Package minitoc Info: I0031
(minitoc)             ==> this version is configured for UNIX-like 
(minitoc)                 (long extensions) file names.
\openout3 = `sst_index_draft.mtc'.

\openout3 = `sst_index_draft.mtc0'.

\c@ptc=\count103
\c@parttocdepth=\count104
\ptcindent=\skip50
\c@stc=\count105
\c@secttocdepth=\count106
\stcindent=\skip51
Package minitoc Info: I0010
(minitoc)             The english language is selected.
(minitoc)              on input line 4910.

(/usr/local/texlive/2010/texmf-dist/tex/latex/minitoc/english.mld
File: english.mld 2006/01/13
)
(/usr/local/texlive/2010/texmf-dist/tex/latex/minitoc/english.mld
File: english.mld 2006/01/13
))
(/usr/local/texlive/2010/texmf-dist/tex/generic/oberdiek/ifpdf.sty
Package: ifpdf 2011/01/30 v2.3 Provides the ifpdf switch (HO)
Package ifpdf Info: pdfTeX in PDF mode is detected.
)
(/usr/local/texlive/2010/texmf-dist/tex/latex/graphics/graphicx.sty
Package: graphicx 1999/02/16 v1.0f Enhanced LaTeX Graphics (DPC,SPQR)

(/usr/local/texlive/2010/texmf-dist/tex/latex/graphics/graphics.sty
Package: graphics 2009/02/05 v1.0o Standard LaTeX Graphics (DPC,SPQR)

(/usr/local/texlive/2010/texmf-dist/tex/latex/graphics/trig.sty
Package: trig 1999/03/16 v1.09 sin cos tan (DPC)
)
(/usr/local/texlive/2010/texmf-dist/tex/latex/latexconfig/graphics.cfg
File: graphics.cfg 2010/04/23 v1.9 graphics configuration of TeX Live
)
Package graphics Info: Driver file: pdftex.def on input line 91.

(/usr/local/texlive/2010/texmf-dist/tex/latex/pdftex-def/pdftex.def
File: pdftex.def 2011/04/25 v0.06b Graphics/color for pdfTeX

(/usr/local/texlive/2010/texmf-dist/tex/generic/oberdiek/infwarerr.sty
Package: infwarerr 2010/04/08 v1.3 Providing info/warning/message (HO)
)
(/usr/local/texlive/2010/texmf-dist/tex/generic/oberdiek/ltxcmds.sty
Package: ltxcmds 2011/04/18 v1.20 LaTeX kernel commands for general use (HO)
)
\Gread@gobject=\count107
))
\Gin@req@height=\dimen114
\Gin@req@width=\dimen115
)
(./sst_index_draft.aux)
\openout1 = `sst_index_draft.aux'.

LaTeX Font Info:    Checking defaults for OML/cmm/m/it on input line 59.
LaTeX Font Info:    ... okay on input line 59.
LaTeX Font Info:    Checking defaults for T1/cmr/m/n on input line 59.
LaTeX Font Info:    ... okay on input line 59.
LaTeX Font Info:    Checking defaults for OT1/cmr/m/n on input line 59.
LaTeX Font Info:    ... okay on input line 59.
LaTeX Font Info:    Checking defaults for OMS/cmsy/m/n on input line 59.
LaTeX Font Info:    ... okay on input line 59.
LaTeX Font Info:    Checking defaults for OMX/cmex/m/n on input line 59.
LaTeX Font Info:    ... okay on input line 59.
LaTeX Font Info:    Checking defaults for U/cmr/m/n on input line 59.
LaTeX Font Info:    ... okay on input line 59.
Package caption Info: Begin \AtBeginDocument code.
Package caption3 Info: subfig package 1.2 or 1.3 is loaded.
LaTeX Info: Redefining \subref on input line 59.
Package caption Info: listings package is loaded.
Package caption Info: End \AtBeginDocument code.
\c@lstlisting=\count108
\c@minilofdepth=\count109
\c@minilotdepth=\count110
\c@partlofdepth=\count111
\c@partlotdepth=\count112
\c@sectlofdepth=\count113
\c@sectlotdepth=\count114
Package minitoc(hints) Info: I0049
(minitoc(hints))             ==> You requested the hints option. 
(minitoc(hints))             Some hints are eventually given below.

(/usr/local/texlive/2010/texmf-dist/tex/context/base/supp-pdf.mkii
[Loading MPS to PDF converter (version 2006.09.02).]
\scratchcounter=\count115
\scratchdimen=\dimen116
\scratchbox=\box30
\nofMPsegments=\count116
\nofMParguments=\count117
\everyMPshowfont=\toks19
\MPscratchCnt=\count118
\MPscratchDim=\dimen117
\MPnumerator=\count119
\everyMPtoPDFconversion=\toks20
) (/usr/local/texlive/2010/texmf-dist/tex/generic/oberdiek/pdftexcmds.sty
Package: pdftexcmds 2011/04/22 v0.16 Utilities of pdfTeX for LuaTeX (HO)

(/usr/local/texlive/2010/texmf-dist/tex/generic/oberdiek/ifluatex.sty
Package: ifluatex 2010/03/01 v1.3 Provides the ifluatex switch (HO)
Package ifluatex Info: LuaTeX not detected.
)
Package pdftexcmds Info: LuaTeX not detected.
Package pdftexcmds Info: \pdf@primitive is available.
Package pdftexcmds Info: \pdf@ifprimitive is available.
Package pdftexcmds Info: \pdfdraftmode found.
)
(/usr/local/texlive/2010/texmf-dist/tex/latex/oberdiek/epstopdf-base.sty
Package: epstopdf-base 2010/02/09 v2.5 Base part for package epstopdf

(/usr/local/texlive/2010/texmf-dist/tex/latex/oberdiek/grfext.sty
Package: grfext 2010/08/19 v1.1 Managing graphics extensions (HO)

(/usr/local/texlive/2010/texmf-dist/tex/generic/oberdiek/kvdefinekeys.sty
Package: kvdefinekeys 2011/04/07 v1.3 Defining keys (HO)
))
(/usr/local/texlive/2010/texmf-dist/tex/latex/oberdiek/kvoptions.sty
Package: kvoptions 2010/12/23 v3.10 Keyval support for LaTeX options (HO)

(/usr/local/texlive/2010/texmf-dist/tex/generic/oberdiek/kvsetkeys.sty
Package: kvsetkeys 2011/04/07 v1.13 Key value parser (HO)

(/usr/local/texlive/2010/texmf-dist/tex/generic/oberdiek/etexcmds.sty
Package: etexcmds 2011/02/16 v1.5 Prefix for e-TeX command names (HO)
Package etexcmds Info: Could not find \expanded.
(etexcmds)             That can mean that you are not using pdfTeX 1.50 or
(etexcmds)             that some package has redefined \expanded.
(etexcmds)             In the latter case, load this package earlier.
)))
Package grfext Info: Graphics extension search list:
(grfext)             [.png,.pdf,.jpg,.mps,.jpeg,.jbig2,.jb2,.PNG,.PDF,.JPG,.JPE
G,.JBIG2,.JB2,.eps]
(grfext)             \AppendGraphicsExtensions on input line 452.

(/usr/local/texlive/2010/texmf-dist/tex/latex/latexconfig/epstopdf-sys.cfg
File: epstopdf-sys.cfg 2010/07/13 v1.3 Configuration of (r)epstopdf for TeX Liv
e
))
LaTeX Font Info:    External font `cmex10' loaded for size
(Font)              <12> on input line 67.
LaTeX Font Info:    External font `cmex10' loaded for size
(Font)              <8> on input line 67.
LaTeX Font Info:    External font `cmex10' loaded for size
(Font)              <6> on input line 67.

<figures/nino_cartoon.pdf, id=1, 602.95613pt x 488.23453pt>
File: figures/nino_cartoon.pdf Graphic file (type pdf)

<use figures/nino_cartoon.pdf>
Package pdftex.def Info: figures/nino_cartoon.pdf used on input line 81.
(pdftex.def)             Requested size: 223.12708pt x 180.67499pt.

<figures/nino_nina_avg_diff.pdf, id=2, 507.57709pt x 573.60875pt>
File: figures/nino_nina_avg_diff.pdf Graphic file (type pdf)

<use figures/nino_nina_avg_diff.pdf>
Package pdftex.def Info: figures/nino_nina_avg_diff.pdf used on input line 89.
(pdftex.def)             Requested size: 191.85121pt x 216.81pt.
LaTeX Font Info:    External font `cmex10' loaded for size
(Font)              <7> on input line 90.
LaTeX Font Info:    External font `cmex10' loaded for size
(Font)              <5> on input line 90.
 [1

{/usr/local/texlive/2010/texmf-var/fonts/map/pdftex/updmap/pdftex.map}] [2 <./f
igures/nino_cartoon.pdf>] [3 <./figures/nino_nina_avg_diff.pdf>]

LaTeX Warning: Reference `table:april_lead' on page 4 undefined on input line 1
01.


LaTeX Warning: Reference `table:oct_lead' on page 4 undefined on input line 101
.


Overfull \hbox (0.3892pt too wide) in paragraph at lines 101--119
[]\OT1/cmr/m/n/10 Tables [] through [] show the lin-ear cor-re-la-tion co-ef-fi
-cients be-tween August-
 []

[4] [5]
<figures/sensitivityResults/boxSize/ACE_Index_Box_Size.pdf, id=275, 432.08052pt
 x 348.24403pt>
File: figures/sensitivityResults/boxSize/ACE_Index_Box_Size.pdf Graphic file (t
ype pdf)

<use figures/sensitivityResults/boxSize/ACE_Index_Box_Size.pdf>
Package pdftex.def Info: figures/sensitivityResults/boxSize/ACE_Index_Box_Size.
pdf used on input line 162.
(pdftex.def)             Requested size: 207.0021pt x 166.83641pt.

<figures/sensitivityResults/boxSize/Major_Hurricanes_Index_Box_Size.pdf, id=276
, 436.5948pt x 340.50522pt>
File: figures/sensitivityResults/boxSize/Major_Hurricanes_Index_Box_Size.pdf Gr
aphic file (type pdf)

<use figures/sensitivityResults/boxSize/Major_Hurricanes_Index_Box_Size.pdf>
Package pdftex.def Info: figures/sensitivityResults/boxSize/Major_Hurricanes_In
dex_Box_Size.pdf used on input line 168.
(pdftex.def)             Requested size: 207.0021pt x 161.4455pt.

Overfull \hbox (73.44864pt too wide) in paragraph at lines 161--172
[][]   [] 
 []


<figures/sensitivityResults/boxSize/NTC_Index_Box_Size.pdf, id=277, 430.79074pt
 x 342.43997pt>
File: figures/sensitivityResults/boxSize/NTC_Index_Box_Size.pdf Graphic file (t
ype pdf)

<use figures/sensitivityResults/boxSize/NTC_Index_Box_Size.pdf>
Package pdftex.def Info: figures/sensitivityResults/boxSize/NTC_Index_Box_Size.
pdf used on input line 175.
(pdftex.def)             Requested size: 207.0021pt x 164.54697pt.

<figures/sensitivityResults/boxSize/TCS_Index_Box_Size.pdf, id=278, 426.92139pt
 x 345.66438pt>
File: figures/sensitivityResults/boxSize/TCS_Index_Box_Size.pdf Graphic file (t
ype pdf)

<use figures/sensitivityResults/boxSize/TCS_Index_Box_Size.pdf>
Package pdftex.def Info: figures/sensitivityResults/boxSize/TCS_Index_Box_Size.
pdf used on input line 181.
(pdftex.def)             Requested size: 207.0021pt x 167.60481pt.

Overfull \hbox (73.44864pt too wide) in paragraph at lines 174--185
[][]   [] 
 []

[6 <./figures/sensitivityResults/boxSize/ACE_Index_Box_Size.pdf> <./figures/sen
sitivityResults/boxSize/Major_Hurricanes_Index_Box_Size.pdf> <./figures/sensiti
vityResults/boxSize/NTC_Index_Box_Size.pdf> <./figures/sensitivityResults/boxSi
ze/TCS_Index_Box_Size.pdf>]
<figures/sensitivityResults/monthRanges/index_corr_month_ranges_ace_month_range
.pdf, id=335, 464.13559pt x 398.81277pt>
File: figures/sensitivityResults/monthRanges/index_corr_month_ranges_ace_month_
range.pdf Graphic file (type pdf)

<use figures/sensitivityResults/monthRanges/index_corr_month_ranges_ace_month_r
ange.pdf>
Package pdftex.def Info: figures/sensitivityResults/monthRanges/index_corr_mont
h_ranges_ace_month_range.pdf used on input line 191.
(pdftex.def)             Requested size: 207.0021pt x 177.8697pt.

<figures/sensitivityResults/monthRanges/index_corr_month_ranges_hurr_month_rang
e.pdf, id=336, 481.32579pt x 393.65569pt>
File: figures/sensitivityResults/monthRanges/index_corr_month_ranges_hurr_month
_range.pdf Graphic file (type pdf)

<use figures/sensitivityResults/monthRanges/index_corr_month_ranges_hurr_month_
range.pdf>
Package pdftex.def Info: figures/sensitivityResults/monthRanges/index_corr_mont
h_ranges_hurr_month_range.pdf used on input line 197.
(pdftex.def)             Requested size: 207.0021pt x 169.29868pt.

Overfull \hbox (73.44864pt too wide) in paragraph at lines 190--201
[][]   [] 
 []


<figures/sensitivityResults/monthRanges/index_corr_month_ranges_ntc_month_range
.pdf, id=337, 484.76382pt x 401.39128pt>
File: figures/sensitivityResults/monthRanges/index_corr_month_ranges_ntc_month_
range.pdf Graphic file (type pdf)

<use figures/sensitivityResults/monthRanges/index_corr_month_ranges_ntc_month_r
ange.pdf>
Package pdftex.def Info: figures/sensitivityResults/monthRanges/index_corr_mont
h_ranges_ntc_month_range.pdf used on input line 205.
(pdftex.def)             Requested size: 207.0021pt x 171.40056pt.

<figures/sensitivityResults/monthRanges/index_corr_month_ranges_tcs_month_range
.pdf, id=338, 470.15215pt x 398.81277pt>
File: figures/sensitivityResults/monthRanges/index_corr_month_ranges_tcs_month_
range.pdf Graphic file (type pdf)

<use figures/sensitivityResults/monthRanges/index_corr_month_ranges_tcs_month_r
ange.pdf>
Package pdftex.def Info: figures/sensitivityResults/monthRanges/index_corr_mont
h_ranges_tcs_month_range.pdf used on input line 211.
(pdftex.def)             Requested size: 207.0021pt x 175.59377pt.

Overfull \hbox (73.44864pt too wide) in paragraph at lines 204--215
[][]   [] 
 []

[7 <./figures/sensitivityResults/monthRanges/index_corr_month_ranges_ace_month_
range.pdf> <./figures/sensitivityResults/monthRanges/index_corr_month_ranges_hu
rr_month_range.pdf> <./figures/sensitivityResults/monthRanges/index_corr_month_
ranges_ntc_month_range.pdf> <./figures/sensitivityResults/monthRanges/index_cor
r_month_ranges_tcs_month_range.pdf>]
<figures/sensitivityResults/northSouthHem/ACE_Index_North_South.pdf, id=411, 40
4.35007pt x 336.63588pt>
File: figures/sensitivityResults/northSouthHem/ACE_Index_North_South.pdf Graphi
c file (type pdf)

<use figures/sensitivityResults/northSouthHem/ACE_Index_North_South.pdf>
Package pdftex.def Info: figures/sensitivityResults/northSouthHem/ACE_Index_Nor
th_South.pdf used on input line 221.
(pdftex.def)             Requested size: 207.0021pt x 172.33438pt.

<figures/sensitivityResults/northSouthHem/Major_Hurricanes_Index_North_South.pd
f, id=412, 395.96642pt x 326.96243pt>
File: figures/sensitivityResults/northSouthHem/Major_Hurricanes_Index_North_Sou
th.pdf Graphic file (type pdf)

<use figures/sensitivityResults/northSouthHem/Major_Hurricanes_Index_North_Sout
h.pdf>
Package pdftex.def Info: figures/sensitivityResults/northSouthHem/Major_Hurrica
nes_Index_North_South.pdf used on input line 227.
(pdftex.def)             Requested size: 207.0021pt x 170.92944pt.

Overfull \hbox (73.44864pt too wide) in paragraph at lines 220--231
[][]   [] 
 []


<figures/sensitivityResults/northSouthHem/NTC_Index_North_South.pdf, id=413, 39
6.61122pt x 330.83186pt>
File: figures/sensitivityResults/northSouthHem/NTC_Index_North_South.pdf Graphi
c file (type pdf)

<use figures/sensitivityResults/northSouthHem/NTC_Index_North_South.pdf>
Package pdftex.def Info: figures/sensitivityResults/northSouthHem/NTC_Index_Nor
th_South.pdf used on input line 235.
(pdftex.def)             Requested size: 207.0021pt x 172.66962pt.

<figures/sensitivityResults/northSouthHem/TCS_Index_North_South.pdf, id=414, 39
9.8358pt x 330.83186pt>
File: figures/sensitivityResults/northSouthHem/TCS_Index_North_South.pdf Graphi
c file (type pdf)

<use figures/sensitivityResults/northSouthHem/TCS_Index_North_South.pdf>
Package pdftex.def Info: figures/sensitivityResults/northSouthHem/TCS_Index_Nor
th_South.pdf used on input line 241.
(pdftex.def)             Requested size: 207.0021pt x 171.27634pt.

Overfull \hbox (73.44864pt too wide) in paragraph at lines 234--245
[][]   [] 
 []

[8 <./figures/sensitivityResults/northSouthHem/ACE_Index_North_South.pdf> <./fi
gures/sensitivityResults/northSouthHem/Major_Hurricanes_Index_North_South.pdf> 
<./figures/sensitivityResults/northSouthHem/NTC_Index_North_South.pdf> <./figur
es/sensitivityResults/northSouthHem/TCS_Index_North_South.pdf>]
<figures/sensitivityResults/northHem/ACE_Index_North.pdf, id=511, 415.95819pt x
 337.92569pt>
File: figures/sensitivityResults/northHem/ACE_Index_North.pdf Graphic file (typ
e pdf)
 <use figures/sensitivityResults/northHem/ACE_Index_North.pdf>
Package pdftex.def Info: figures/sensitivityResults/northHem/ACE_Index_North.pd
f used on input line 252.
(pdftex.def)             Requested size: 207.0021pt x 168.16835pt.

<figures/sensitivityResults/northHem/Major_Hurricanes_Index_North.pdf, id=512, 
419.18263pt x 333.41142pt>
File: figures/sensitivityResults/northHem/Major_Hurricanes_Index_North.pdf Grap
hic file (type pdf)

<use figures/sensitivityResults/northHem/Major_Hurricanes_Index_North.pdf>
Package pdftex.def Info: figures/sensitivityResults/northHem/Major_Hurricanes_I
ndex_North.pdf used on input line 258.
(pdftex.def)             Requested size: 207.0021pt x 164.64996pt.

Overfull \hbox (73.44864pt too wide) in paragraph at lines 251--262
[][]   [] 
 []


<figures/sensitivityResults/northHem/NTC_Index_North.pdf, id=513, 418.53775pt x
 337.28076pt>
File: figures/sensitivityResults/northHem/NTC_Index_North.pdf Graphic file (typ
e pdf)
 <use figures/sensitivityResults/northHem/NTC_Index_North.pdf>
Package pdftex.def Info: figures/sensitivityResults/northHem/NTC_Index_North.pd
f used on input line 266.
(pdftex.def)             Requested size: 207.0021pt x 166.81296pt.

<figures/sensitivityResults/northHem/TCS_Index_North.pdf, id=514, 411.44386pt x
 339.21552pt>
File: figures/sensitivityResults/northHem/TCS_Index_North.pdf Graphic file (typ
e pdf)
 <use figures/sensitivityResults/northHem/TCS_Index_North.pdf>
Package pdftex.def Info: figures/sensitivityResults/northHem/TCS_Index_North.pd
f used on input line 272.
(pdftex.def)             Requested size: 207.0021pt x 170.66324pt.

Overfull \hbox (73.44864pt too wide) in paragraph at lines 265--276
[][]   [] 
 []

[9 <./figures/sensitivityResults/northHem/ACE_Index_North.pdf> <./figures/sensi
tivityResults/northHem/Major_Hurricanes_Index_North.pdf> <./figures/sensitivity
Results/northHem/NTC_Index_North.pdf> <./figures/sensitivityResults/northHem/TC
S_Index_North.pdf>]
<figures/sensitivityResults/hurrMonths/ACE_Index_Hurr_Months.pdf, id=570, 426.2
7649pt x 336.63597pt>
File: figures/sensitivityResults/hurrMonths/ACE_Index_Hurr_Months.pdf Graphic f
ile (type pdf)

<use figures/sensitivityResults/hurrMonths/ACE_Index_Hurr_Months.pdf>
Package pdftex.def Info: figures/sensitivityResults/hurrMonths/ACE_Index_Hurr_M
onths.pdf used on input line 282.
(pdftex.def)             Requested size: 207.0021pt x 163.47371pt.

<figures/sensitivityResults/hurrMonths/Major_Hurricanes_Index_Hurr_Months.pdf, 
id=571, 425.63156pt x 335.34605pt>
File: figures/sensitivityResults/hurrMonths/Major_Hurricanes_Index_Hurr_Months.
pdf Graphic file (type pdf)

<use figures/sensitivityResults/hurrMonths/Major_Hurricanes_Index_Hurr_Months.p
df>
Package pdftex.def Info: figures/sensitivityResults/hurrMonths/Major_Hurricanes
_Index_Hurr_Months.pdf used on input line 288.
(pdftex.def)             Requested size: 207.0021pt x 163.09293pt.

Overfull \hbox (73.44864pt too wide) in paragraph at lines 281--292
[][]   [] 
 []

File: figures/sensitivityResults/hurrMonths/ACE_Index_Hurr_Months.pdf Graphic f
ile (type pdf)
<use figures/sensitivityResults/hurrMonths/ACE_Index_Hurr_Months.pdf>
Package pdftex.def Info: figures/sensitivityResults/hurrMonths/ACE_Index_Hurr_M
onths.pdf used on input line 295.
(pdftex.def)             Requested size: 207.0021pt x 163.47371pt.
File: figures/sensitivityResults/hurrMonths/Major_Hurricanes_Index_Hurr_Months.
pdf Graphic file (type pdf)

<use figures/sensitivityResults/hurrMonths/Major_Hurricanes_Index_Hurr_Months.p
df>
Package pdftex.def Info: figures/sensitivityResults/hurrMonths/Major_Hurricanes
_Index_Hurr_Months.pdf used on input line 301.
(pdftex.def)             Requested size: 207.0021pt x 163.09293pt.

Overfull \hbox (73.44864pt too wide) in paragraph at lines 294--305
[][]   [] 
 []

[10 <./figures/sensitivityResults/hurrMonths/ACE_Index_Hurr_Months.pdf> <./figu
res/sensitivityResults/hurrMonths/Major_Hurricanes_Index_Hurr_Months.pdf>]
<figures/sensitivityResults/compositeMaps/centralPressureAtlanticMap.pdf, id=61
4, 342.94463pt x 654.94687pt>
File: figures/sensitivityResults/compositeMaps/centralPressureAtlanticMap.pdf G
raphic file (type pdf)

<use figures/sensitivityResults/compositeMaps/centralPressureAtlanticMap.pdf>
Package pdftex.def Info: figures/sensitivityResults/compositeMaps/centralPressu
reAtlanticMap.pdf used on input line 311.
(pdftex.def)             Requested size: 189.75105pt x 362.38052pt.

<figures/sensitivityResults/compositeMaps/diffPIAtlanticComposites.pdf, id=615,
 333.91974pt x 653.65764pt>
File: figures/sensitivityResults/compositeMaps/diffPIAtlanticComposites.pdf Gra
phic file (type pdf)

<use figures/sensitivityResults/compositeMaps/diffPIAtlanticComposites.pdf>
Package pdftex.def Info: figures/sensitivityResults/compositeMaps/diffPIAtlanti
cComposites.pdf used on input line 317.
(pdftex.def)             Requested size: 189.75105pt x 371.45169pt.

Overfull \hbox (38.94653pt too wide) in paragraph at lines 310--321
[][]   [] 
 []

[11 <./figures/sensitivityResults/compositeMaps/centralPressureAtlanticMap.pdf>
 <./figures/sensitivityResults/compositeMaps/diffPIAtlanticComposites.pdf>]
<figures/sensitivityResults/compositeMaps/diffRHCompositesAtlanticMap.pdf, id=6
49, 371.3085pt x 663.97174pt>
File: figures/sensitivityResults/compositeMaps/diffRHCompositesAtlanticMap.pdf 
Graphic file (type pdf)

<use figures/sensitivityResults/compositeMaps/diffRHCompositesAtlanticMap.pdf>
Package pdftex.def Info: figures/sensitivityResults/compositeMaps/diffRHComposi
tesAtlanticMap.pdf used on input line 326.
(pdftex.def)             Requested size: 207.0021pt x 370.17021pt.

<figures/sensitivityResults/compositeMaps/diffSSTCompositesAugToOct.pdf, id=650
, 261.72089pt x 537.62373pt>
File: figures/sensitivityResults/compositeMaps/diffSSTCompositesAugToOct.pdf Gr
aphic file (type pdf)

<use figures/sensitivityResults/compositeMaps/diffSSTCompositesAugToOct.pdf>
Package pdftex.def Info: figures/sensitivityResults/compositeMaps/diffSSTCompos
itesAugToOct.pdf used on input line 332.
(pdftex.def)             Requested size: 207.0021pt x 425.2185pt.

Overfull \hbox (73.44864pt too wide) in paragraph at lines 325--336
[][]   [] 
 []


<figures/sensitivityResults/compositeMaps/diffWindShearAtlanticComposites.pdf, 
id=651, 350.68013pt x 653.65764pt>
File: figures/sensitivityResults/compositeMaps/diffWindShearAtlanticComposites.
pdf Graphic file (type pdf)

<use figures/sensitivityResults/compositeMaps/diffWindShearAtlanticComposites.p
df>
Package pdftex.def Info: figures/sensitivityResults/compositeMaps/diffWindShear
AtlanticComposites.pdf used on input line 341.
(pdftex.def)             Requested size: 207.0021pt x 385.84416pt.

<figures/sensitivityResults/compositeMaps/satDefAtlanticMap.pdf, id=652, 349.39
093pt x 662.68243pt>
File: figures/sensitivityResults/compositeMaps/satDefAtlanticMap.pdf Graphic fi
le (type pdf)

<use figures/sensitivityResults/compositeMaps/satDefAtlanticMap.pdf>
Package pdftex.def Info: figures/sensitivityResults/compositeMaps/satDefAtlanti
cMap.pdf used on input line 347.
(pdftex.def)             Requested size: 207.0021pt x 392.62744pt.

Overfull \hbox (73.44864pt too wide) in paragraph at lines 340--351
[][]   [] 
 []

[12 <./figures/sensitivityResults/compositeMaps/diffRHCompositesAtlanticMap.pdf
> <./figures/sensitivityResults/compositeMaps/diffSSTCompositesAugToOct.pdf>]
[13 <./figures/sensitivityResults/compositeMaps/diffWindShearAtlanticComposites
.pdf> <./figures/sensitivityResults/compositeMaps/satDefAtlanticMap.pdf>]
<figures/sensitivityResults/compositeBarGraphs/RHBarGraph.pdf, id=795, 414.0234
4pt x 323.7379pt>
File: figures/sensitivityResults/compositeBarGraphs/RHBarGraph.pdf Graphic file
 (type pdf)

<use figures/sensitivityResults/compositeBarGraphs/RHBarGraph.pdf>
Package pdftex.def Info: figures/sensitivityResults/compositeBarGraphs/RHBarGra
ph.pdf used on input line 357.
(pdftex.def)             Requested size: 207.0021pt x 161.8636pt.

<figures/sensitivityResults/compositeBarGraphs/avgDiffWindShearBarGraph.pdf, id
=796, 409.5092pt x 325.02768pt>
File: figures/sensitivityResults/compositeBarGraphs/avgDiffWindShearBarGraph.pd
f Graphic file (type pdf)

<use figures/sensitivityResults/compositeBarGraphs/avgDiffWindShearBarGraph.pdf
>
Package pdftex.def Info: figures/sensitivityResults/compositeBarGraphs/avgDiffW
indShearBarGraph.pdf used on input line 363.
(pdftex.def)             Requested size: 207.0021pt x 164.29886pt.

Overfull \hbox (73.44864pt too wide) in paragraph at lines 356--367
[][]   [] 
 []


<figures/sensitivityResults/compositeBarGraphs/centralPressureBarGraph.pdf, id=
797, 413.37857pt x 328.89716pt>
File: figures/sensitivityResults/compositeBarGraphs/centralPressureBarGraph.pdf
 Graphic file (type pdf)

<use figures/sensitivityResults/compositeBarGraphs/centralPressureBarGraph.pdf>
Package pdftex.def Info: figures/sensitivityResults/compositeBarGraphs/centralP
ressureBarGraph.pdf used on input line 371.
(pdftex.def)             Requested size: 207.0021pt x 164.69408pt.

<figures/sensitivityResults/compositeBarGraphs/satDefBarGraphSmallerBox.pdf, id
=798, 408.86433pt x 321.80327pt>
File: figures/sensitivityResults/compositeBarGraphs/satDefBarGraphSmallerBox.pd
f Graphic file (type pdf)

<use figures/sensitivityResults/compositeBarGraphs/satDefBarGraphSmallerBox.pdf
>
Package pdftex.def Info: figures/sensitivityResults/compositeBarGraphs/satDefBa
rGraphSmallerBox.pdf used on input line 377.
(pdftex.def)             Requested size: 207.0021pt x 162.92429pt.

Overfull \hbox (73.44864pt too wide) in paragraph at lines 370--381
[][]   [] 
 []

[14

 <./figures/sensitivityResults/compositeBarGraphs/RHBarGraph.pdf> <./figures/se
nsitivityResults/compositeBarGraphs/avgDiffWindShearBarGraph.pdf> <./figures/se
nsitivityResults/compositeBarGraphs/centralPressureBarGraph.pdf> <./figures/sen
sitivityResults/compositeBarGraphs/satDefBarGraphSmallerBox.pdf>]
<figures/sensitivityResults/compositeBarGraphs/avgDiffPIAtlanticCompositesBarGr
aph.pdf, id=866, 421.76222pt x 329.54208pt>
File: figures/sensitivityResults/compositeBarGraphs/avgDiffPIAtlanticComposites
BarGraph.pdf Graphic file (type pdf)

<use figures/sensitivityResults/compositeBarGraphs/avgDiffPIAtlanticCompositesB
arGraph.pdf>
Package pdftex.def Info: figures/sensitivityResults/compositeBarGraphs/avgDiffP
IAtlanticCompositesBarGraph.pdf used on input line 385.
(pdftex.def)             Requested size: 207.0021pt x 161.74353pt.

<figures/sensitivityResults/compositeBarGraphs/sstBarGraph.pdf, id=867, 419.827
5pt x 328.89716pt>
File: figures/sensitivityResults/compositeBarGraphs/sstBarGraph.pdf Graphic fil
e (type pdf)

<use figures/sensitivityResults/compositeBarGraphs/sstBarGraph.pdf>
Package pdftex.def Info: figures/sensitivityResults/compositeBarGraphs/sstBarGr
aph.pdf used on input line 391.
(pdftex.def)             Requested size: 207.0021pt x 162.16974pt.

Overfull \hbox (73.44864pt too wide) in paragraph at lines 384--395
[][]   [] 
 []

[15 <./figures/sensitivityResults/compositeBarGraphs/avgDiffPIAtlanticComposite
sBarGraph.pdf> <./figures/sensitivityResults/compositeBarGraphs/sstBarGraph.pdf
>] (./sst_index_draft.bbl
Underfull \hbox (badness 1708) in paragraph at lines 72--76
[]\OT1/cmr/m/n/10 D.M. Smith, R. Eade, N.J. Dun-stone, D. Fere-day, J.M. Mur-ph
y,
 []

[16

])
Package minitoc Info: I0009
(minitoc)             Listing minitoc auxiliary files. 
(minitoc)             Creating the sst_index_draft.maf file.
\openout3 = `sst_index_draft.maf'.

Package minitoc(hints) Info: I0019
(minitoc(hints))             No hints have been written 
(minitoc(hints))             in the sst_index_draft.log file..
 [17] (./sst_index_draft.aux)

LaTeX Warning: There were undefined references.

 ) 
Here is how much of TeX's memory you used:
 5966 strings out of 493763
 94459 string characters out of 3144955
 163441 words of memory out of 3000000
 8970 multiletter control sequences out of 15000+200000
 8848 words of font info for 31 fonts, out of 3000000 for 9000
 715 hyphenation exceptions out of 8191
 44i,8n,42p,2099b,315s stack positions out of 5000i,500n,10000p,200000b,50000s
</usr/local/texlive/2010/texmf-dist/fonts/type1/public/amsfonts/cm/cmbx10.pfb
></usr/local/texlive/2010/texmf-dist/fonts/type1/public/amsfonts/cm/cmbx12.pfb>
</usr/local/texlive/2010/texmf-dist/fonts/type1/public/amsfonts/cm/cmbx9.pfb></
usr/local/texlive/2010/texmf-dist/fonts/type1/public/amsfonts/cm/cmr10.pfb></us
r/local/texlive/2010/texmf-dist/fonts/type1/public/amsfonts/cm/cmr12.pfb></usr/
local/texlive/2010/texmf-dist/fonts/type1/public/amsfonts/cm/cmr17.pfb></usr/lo
cal/texlive/2010/texmf-dist/fonts/type1/public/amsfonts/cm/cmsy10.pfb></usr/loc
al/texlive/2010/texmf-dist/fonts/type1/public/amsfonts/cm/cmsy7.pfb></usr/local
/texlive/2010/texmf-dist/fonts/type1/public/amsfonts/cm/cmti10.pfb>
Output written on sst_index_draft.pdf (17 pages, 1807803 bytes).
PDF statistics:
 935 PDF objects out of 1000 (max. 8388607)
 630 compressed objects within 7 object streams
 0 named destinations out of 1000 (max. 500000)
 161 words of extra memory for PDF output out of 10000 (max. 10000000)

