This is pdfTeXk, Version 3.141592-1.40.3 (Web2C 7.5.6) (format=latex 2012.5.29)  13 JUN 2012 11:10
entering extended mode
 %&-line parsing enabled.
**ls
(./sst_overview.tex
LaTeX2e <2005/12/01>
Babel <v3.8h> and hyphenation patterns for english, usenglishmax, dumylang, noh
yphenation, arabic, basque, bulgarian, coptic, welsh, czech, slovak, german, ng
erman, danish, esperanto, spanish, catalan, galician, estonian, farsi, finnish,
 french, greek, monogreek, ancientgreek, croatian, hungarian, interlingua, ibyc
us, indonesian, icelandic, italian, latin, mongolian, dutch, norsk, polish, por
tuguese, pinyin, romanian, russian, slovenian, uppersorbian, serbian, swedish, 
turkish, ukenglish, ukrainian, loaded.
(/usr/share/texmf/tex/latex/base/article.cls
Document Class: article 2005/09/16 v1.4f Standard LaTeX document class
(/usr/share/texmf/tex/latex/base/size10.clo
File: size10.clo 2005/09/16 v1.4f Standard LaTeX file (size option)
)
\c@part=\count79
\c@section=\count80
\c@subsection=\count81
\c@subsubsection=\count82
\c@paragraph=\count83
\c@subparagraph=\count84
\c@figure=\count85
\c@table=\count86
\abovecaptionskip=\skip41
\belowcaptionskip=\skip42
\bibindent=\dimen102
)
(/usr/share/texmf/tex/latex/base/inputenc.sty
Package: inputenc 2006/05/05 v1.1b Input encoding file
\inpenc@prehook=\toks14
\inpenc@posthook=\toks15

(/usr/share/texmf/tex/latex/ucs/utf8x.def
File: utf8x.def 2004/10/17 UCS: Input encoding UTF-8
))
(/usr/share/texmf/tex/latex/ucs/ucs.sty
Package: ucs 2004/10/17 UCS: Unicode input support

(/usr/share/texmf/tex/latex/ucs/data/uni-global.def
File: uni-global.def 2004/10/17 UCS: Unicode global data
)
\uc@secondtry=\count87
\uc@combtoks=\toks16
\uc@combtoksb=\toks17
\uc@temptokena=\toks18
)
(/usr/share/texmf/tex/latex/graphics/graphicx.sty
Package: graphicx 1999/02/16 v1.0f Enhanced LaTeX Graphics (DPC,SPQR)

(/usr/share/texmf/tex/latex/graphics/keyval.sty
Package: keyval 1999/03/16 v1.13 key=value parser (DPC)
\KV@toks@=\toks19
)
(/usr/share/texmf/tex/latex/graphics/graphics.sty
Package: graphics 2006/02/20 v1.0o Standard LaTeX Graphics (DPC,SPQR)

(/usr/share/texmf/tex/latex/graphics/trig.sty
Package: trig 1999/03/16 v1.09 sin cos tan (DPC)
)
(/usr/share/texmf/tex/latex/config/graphics.cfg
File: graphics.cfg 2007/01/18 v1.5 graphics configuration of teTeX/TeXLive
)
Package graphics Info: Driver file: dvips.def on input line 90.

(/usr/share/texmf/tex/latex/graphics/dvips.def
File: dvips.def 1999/02/16 v3.0i Driver-dependant file (DPC,SPQR)
))
\Gin@req@height=\dimen103
\Gin@req@width=\dimen104
)
(/usr/share/texmf/tex/latex/subfig/subfig.sty
Package: subfig 2005/06/28 ver: 1.3 subfig package

(/usr/share/texmf/tex/latex/caption/caption.sty
Package: caption 2007/01/07 v3.0k Customising captions (AR)

(/usr/share/texmf/tex/latex/caption/caption3.sty
Package: caption3 2007/01/07 v3.0k caption3 kernel (AR)
\captionmargin=\dimen105
\captionmarginx=\dimen106
\captionwidth=\dimen107
\captionindent=\dimen108
\captionparindent=\dimen109
\captionhangindent=\dimen110
))
\c@KVtest=\count88
\sf@farskip=\skip43
\sf@captopadj=\dimen111
\sf@capskip=\skip44
\sf@nearskip=\skip45
\c@subfigure=\count89
\c@subfigure@save=\count90
\c@lofdepth=\count91
\c@subtable=\count92
\c@subtable@save=\count93
\c@lotdepth=\count94
\sf@top=\skip46
\sf@bottom=\skip47
)
(/usr/share/texmf/tex/latex/subfloat/subfloat.sty
Package: subfloat 2003/08/21 version 2.14

Package `subfloat', Version 2.14 of 2003/08/21.
\c@subfloatfiguremax=\count95
\c@subfloattablemax=\count96
) (./sst_overview.aux

LaTeX Warning: Label `fig:figure1' multiply defined.


LaTeX Warning: Label `fig:figure2' multiply defined.


LaTeX Warning: Label `fig:figure1' multiply defined.


LaTeX Warning: Label `fig:figure2' multiply defined.


LaTeX Warning: Label `fig:figure1' multiply defined.


LaTeX Warning: Label `fig:figure2' multiply defined.


LaTeX Warning: Label `fig:figure1' multiply defined.


LaTeX Warning: Label `fig:figure2' multiply defined.


LaTeX Warning: Label `fig:figure1' multiply defined.


LaTeX Warning: Label `fig:figure2' multiply defined.


LaTeX Warning: Label `fig:figure1' multiply defined.


LaTeX Warning: Label `fig:figure2' multiply defined.


LaTeX Warning: Label `fig:figure1' multiply defined.


LaTeX Warning: Label `fig:figure2' multiply defined.


LaTeX Warning: Label `fig:figure1' multiply defined.


LaTeX Warning: Label `fig:figure2' multiply defined.


LaTeX Warning: Label `fig:figure1' multiply defined.


LaTeX Warning: Label `fig:figure2' multiply defined.


LaTeX Warning: Label `fig:figure1' multiply defined.


LaTeX Warning: Label `fig:figure2' multiply defined.


LaTeX Warning: Label `fig:figure1' multiply defined.


LaTeX Warning: Label `fig:figure2' multiply defined.


LaTeX Warning: Label `fig:figure1' multiply defined.


LaTeX Warning: Label `fig:figure2' multiply defined.


LaTeX Warning: Label `fig:figure1' multiply defined.


LaTeX Warning: Label `fig:figure2' multiply defined.


LaTeX Warning: Label `fig:figure1' multiply defined.


LaTeX Warning: Label `fig:figure2' multiply defined.


LaTeX Warning: Label `fig:figure1' multiply defined.


LaTeX Warning: Label `fig:figure2' multiply defined.

)
\openout1 = `sst_overview.aux'.

LaTeX Font Info:    Checking defaults for OML/cmm/m/it on input line 10.
LaTeX Font Info:    ... okay on input line 10.
LaTeX Font Info:    Checking defaults for T1/cmr/m/n on input line 10.
LaTeX Font Info:    ... okay on input line 10.
LaTeX Font Info:    Checking defaults for OT1/cmr/m/n on input line 10.
LaTeX Font Info:    ... okay on input line 10.
LaTeX Font Info:    Checking defaults for OMS/cmsy/m/n on input line 10.
LaTeX Font Info:    ... okay on input line 10.
LaTeX Font Info:    Checking defaults for OMX/cmex/m/n on input line 10.
LaTeX Font Info:    ... okay on input line 10.
LaTeX Font Info:    Checking defaults for U/cmr/m/n on input line 10.
LaTeX Font Info:    ... okay on input line 10.
 (/usr/share/texmf/tex/latex/ucs/ucsencs.def
File: ucsencs.def 2003/11/29 Fixes to fontencodings LGR, T3
)
(/usr/share/texmf/tex/latex/ragged2e/ragged2e.sty
Package: ragged2e 2003/03/25 v2.04 ragged2e Package (MS)

(/usr/share/texmf/tex/latex/everysel/everysel.sty
Package: everysel 1999/06/08 v1.03 EverySelectfont Package (MS)
LaTeX Info: Redefining \selectfont on input line 125.
)
\CenteringLeftskip=\skip48
\RaggedLeftLeftskip=\skip49
\RaggedRightLeftskip=\skip50
\CenteringRightskip=\skip51
\RaggedLeftRightskip=\skip52
\RaggedRightRightskip=\skip53
\CenteringParfillskip=\skip54
\RaggedLeftParfillskip=\skip55
\RaggedRightParfillskip=\skip56
\JustifyingParfillskip=\skip57
\CenteringParindent=\skip58
\RaggedLeftParindent=\skip59
\RaggedRightParindent=\skip60
\JustifyingParindent=\skip61
)
Package caption Info: subref 1.2 or 1.3 detected on input line 10.
LaTeX Info: Redefining \subref on input line 10.
LaTeX Font Info:    External font `cmex10' loaded for size
(Font)              <12> on input line 12.
LaTeX Font Info:    External font `cmex10' loaded for size
(Font)              <8> on input line 12.
LaTeX Font Info:    External font `cmex10' loaded for size
(Font)              <6> on input line 12.
 [1

]
(/usr/share/texmf/tex/latex/ucs/data/uni-0.def
File: uni-0.def 2004/10/17 UCS: Unicode data U+0000..U+00FF
)
LaTeX Font Info:    External font `cmex10' loaded for size
(Font)              <7> on input line 30.
LaTeX Font Info:    External font `cmex10' loaded for size
(Font)              <5> on input line 30.

(/usr/share/texmf/tex/latex/ucs/data/uni-32.def
File: uni-32.def 2004/10/17 UCS: Unicode data U+2000..U+20FF
)

LaTeX Warning: Command \textendash invalid in math mode on input line 35.


LaTeX Warning: Command \textendash invalid in math mode on input line 35.


LaTeX Warning: Command \textendash invalid in math mode on input line 35.


LaTeX Warning: Command \textendash invalid in math mode on input line 35.


LaTeX Warning: Command \textendash invalid in math mode on input line 36.

[2]

! LaTeX Error: Cannot determine size of graphic in figs/sensitivityResults/boxS
ize/ACE_Index_Box_Size.pdf (no BoundingBox).

See the LaTeX manual or LaTeX Companion for explanation.
Type  H <return>  for immediate help.
 ...                                              
                                                  
l.44 ...ityResults/boxSize/ACE_Index_Box_Size.pdf}
                                                  
? 
File: figs/sensitivityResults/boxSize/ACE_Index_Box_Size.pdf Graphic file (type
 eps)
<figs/sensitivityResults/boxSize/ACE_Index_Box_Size.pdf>

! LaTeX Error: Cannot determine size of graphic in figs/sensitivityResults/boxS
ize/Major_Hurricanes_Index_Box_Size.pdf (no BoundingBox).

See the LaTeX manual or LaTeX Companion for explanation.
Type  H <return>  for immediate help.
 ...                                              
                                                  
l.50 ...xSize/Major_Hurricanes_Index_Box_Size.pdf}
                                                  
? 
File: figs/sensitivityResults/boxSize/Major_Hurricanes_Index_Box_Size.pdf Graph
ic file (type eps)
<figs/sensitivityResults/boxSize/Major_Hurricanes_Index_Box_Size.pdf>
Overfull \hbox (73.44864pt too wide) in paragraph at lines 43--54
[][]   [] 
 []

[3]

! LaTeX Error: Cannot determine size of graphic in figs/sensitivityResults/boxS
ize/NTC_Index_Box_Size.pdf (no BoundingBox).

See the LaTeX manual or LaTeX Companion for explanation.
Type  H <return>  for immediate help.
 ...                                              
                                                  
l.57 ...ityResults/boxSize/NTC_Index_Box_Size.pdf}
                                                  
? 
File: figs/sensitivityResults/boxSize/NTC_Index_Box_Size.pdf Graphic file (type
 eps)
<figs/sensitivityResults/boxSize/NTC_Index_Box_Size.pdf>

! LaTeX Error: Cannot determine size of graphic in figs/sensitivityResults/boxS
ize/TCS_Index_Box_Size.pdf (no BoundingBox).

See the LaTeX manual or LaTeX Companion for explanation.
Type  H <return>  for immediate help.
 ...                                              
                                                  
l.63 ...ityResults/boxSize/TCS_Index_Box_Size.pdf}
                                                  
? 
File: figs/sensitivityResults/boxSize/TCS_Index_Box_Size.pdf Graphic file (type
 eps)
<figs/sensitivityResults/boxSize/TCS_Index_Box_Size.pdf>
Overfull \hbox (73.44864pt too wide) in paragraph at lines 56--67
[][]   [] 
 []

[4]

! LaTeX Error: Cannot determine size of graphic in figs/sensitivityResults/mont
hRanges/index_corr_month_ranges_ace_month_range.pdf (no BoundingBox).

See the LaTeX manual or LaTeX Companion for explanation.
Type  H <return>  for immediate help.
 ...                                              
                                                  
l.73 ...dex_corr_month_ranges_ace_month_range.pdf}
                                                  
? 
File: figs/sensitivityResults/monthRanges/index_corr_month_ranges_ace_month_ran
ge.pdf Graphic file (type eps)

<figs/sensitivityResults/monthRanges/index_corr_month_ranges_ace_month_range.pd
f>

! LaTeX Error: Cannot determine size of graphic in figs/sensitivityResults/mont
hRanges/index_corr_month_ranges_hurr_month_range.pdf (no BoundingBox).

See the LaTeX manual or LaTeX Companion for explanation.
Type  H <return>  for immediate help.
 ...                                              
                                                  
l.79 ...ex_corr_month_ranges_hurr_month_range.pdf}
                                                  
? 
File: figs/sensitivityResults/monthRanges/index_corr_month_ranges_hurr_month_ra
nge.pdf Graphic file (type eps)

<figs/sensitivityResults/monthRanges/index_corr_month_ranges_hurr_month_range.p
df>
Overfull \hbox (73.44864pt too wide) in paragraph at lines 72--83
[][]   [] 
 []


! LaTeX Error: Cannot determine size of graphic in figs/sensitivityResults/mont
hRanges/index_corr_month_ranges_ntc_month_range.pdf (no BoundingBox).

See the LaTeX manual or LaTeX Companion for explanation.
Type  H <return>  for immediate help.
 ...                                              
                                                  
l.87 ...dex_corr_month_ranges_ntc_month_range.pdf}
                                                  
? 
File: figs/sensitivityResults/monthRanges/index_corr_month_ranges_ntc_month_ran
ge.pdf Graphic file (type eps)

<figs/sensitivityResults/monthRanges/index_corr_month_ranges_ntc_month_range.pd
f>

! LaTeX Error: Cannot determine size of graphic in figs/sensitivityResults/mont
hRanges/index_corr_month_ranges_tcs_month_range.pdf (no BoundingBox).

See the LaTeX manual or LaTeX Companion for explanation.
Type  H <return>  for immediate help.
 ...                                              
                                                  
l.93 ...dex_corr_month_ranges_tcs_month_range.pdf}
                                                  
? 
File: figs/sensitivityResults/monthRanges/index_corr_month_ranges_tcs_month_ran
ge.pdf Graphic file (type eps)

<figs/sensitivityResults/monthRanges/index_corr_month_ranges_tcs_month_range.pd
f>
Overfull \hbox (73.44864pt too wide) in paragraph at lines 86--97
[][]   [] 
 []

[5]

! LaTeX Error: Cannot determine size of graphic in figs/sensitivityResults/nort
hSouthHem/ACE_Index_North_South.pdf (no BoundingBox).

See the LaTeX manual or LaTeX Companion for explanation.
Type  H <return>  for immediate help.
 ...                                              
                                                  
l.103 .../northSouthHem/ACE_Index_North_South.pdf}
                                                  
? 
File: figs/sensitivityResults/northSouthHem/ACE_Index_North_South.pdf Graphic f
ile (type eps)
<figs/sensitivityResults/northSouthHem/ACE_Index_North_South.pdf>

! LaTeX Error: Cannot determine size of graphic in figs/sensitivityResults/nort
hSouthHem/Major_Hurricanes_Index_North_South.pdf (no BoundingBox).

See the LaTeX manual or LaTeX Companion for explanation.
Type  H <return>  for immediate help.
 ...                                              
                                                  
l.109 ...m/Major_Hurricanes_Index_North_South.pdf}
                                                  
? 
File: figs/sensitivityResults/northSouthHem/Major_Hurricanes_Index_North_South.
pdf Graphic file (type eps)

<figs/sensitivityResults/northSouthHem/Major_Hurricanes_Index_North_South.pdf>
Overfull \hbox (73.44864pt too wide) in paragraph at lines 102--113
[][]   [] 
 []


! LaTeX Error: Cannot determine size of graphic in figs/sensitivityResults/nort
hSouthHem/NTC_Index_North_South.pdf (no BoundingBox).

See the LaTeX manual or LaTeX Companion for explanation.
Type  H <return>  for immediate help.
 ...                                              
                                                  
l.117 .../northSouthHem/NTC_Index_North_South.pdf}
                                                  
? 
File: figs/sensitivityResults/northSouthHem/NTC_Index_North_South.pdf Graphic f
ile (type eps)
<figs/sensitivityResults/northSouthHem/NTC_Index_North_South.pdf>

! LaTeX Error: Cannot determine size of graphic in figs/sensitivityResults/nort
hSouthHem/TCS_Index_North_South.pdf (no BoundingBox).

See the LaTeX manual or LaTeX Companion for explanation.
Type  H <return>  for immediate help.
 ...                                              
                                                  
l.123 .../northSouthHem/TCS_Index_North_South.pdf}
                                                  
? 
File: figs/sensitivityResults/northSouthHem/TCS_Index_North_South.pdf Graphic f
ile (type eps)
<figs/sensitivityResults/northSouthHem/TCS_Index_North_South.pdf>
Overfull \hbox (73.44864pt too wide) in paragraph at lines 116--127
[][]   [] 
 []

[6]

! LaTeX Error: Cannot determine size of graphic in figs/sensitivityResults/nort
hHem/ACE_Index_North.pdf (no BoundingBox).

See the LaTeX manual or LaTeX Companion for explanation.
Type  H <return>  for immediate help.
 ...                                              
                                                  
l.134 ...vityResults/northHem/ACE_Index_North.pdf}
                                                  
? 
File: figs/sensitivityResults/northHem/ACE_Index_North.pdf Graphic file (type e
ps)
<figs/sensitivityResults/northHem/ACE_Index_North.pdf>

! LaTeX Error: Cannot determine size of graphic in figs/sensitivityResults/nort
hHem/Major_Hurricanes_Index_North.pdf (no BoundingBox).

See the LaTeX manual or LaTeX Companion for explanation.
Type  H <return>  for immediate help.
 ...                                              
                                                  
l.140 ...orthHem/Major_Hurricanes_Index_North.pdf}
                                                  
? 
File: figs/sensitivityResults/northHem/Major_Hurricanes_Index_North.pdf Graphic
 file (type eps)
<figs/sensitivityResults/northHem/Major_Hurricanes_Index_North.pdf>
Overfull \hbox (73.44864pt too wide) in paragraph at lines 133--144
[][]   [] 
 []


! LaTeX Error: Cannot determine size of graphic in figs/sensitivityResults/nort
hHem/NTC_Index_North.pdf (no BoundingBox).

See the LaTeX manual or LaTeX Companion for explanation.
Type  H <return>  for immediate help.
 ...                                              
                                                  
l.148 ...vityResults/northHem/NTC_Index_North.pdf}
                                                  
? 
File: figs/sensitivityResults/northHem/NTC_Index_North.pdf Graphic file (type e
ps)
<figs/sensitivityResults/northHem/NTC_Index_North.pdf>

! LaTeX Error: Cannot determine size of graphic in figs/sensitivityResults/nort
hHem/TCS_Index_North.pdf (no BoundingBox).

See the LaTeX manual or LaTeX Companion for explanation.
Type  H <return>  for immediate help.
 ...                                              
                                                  
l.154 ...vityResults/northHem/TCS_Index_North.pdf}
                                                  
? 
File: figs/sensitivityResults/northHem/TCS_Index_North.pdf Graphic file (type e
ps)
<figs/sensitivityResults/northHem/TCS_Index_North.pdf>
Overfull \hbox (73.44864pt too wide) in paragraph at lines 147--158
[][]   [] 
 []

[7]

! LaTeX Error: Cannot determine size of graphic in figs/sensitivityResults/hurr
Months/ACE_Index_Hurr_Months.pdf (no BoundingBox).

See the LaTeX manual or LaTeX Companion for explanation.
Type  H <return>  for immediate help.
 ...                                              
                                                  
l.164 ...lts/hurrMonths/ACE_Index_Hurr_Months.pdf}
                                                  
? 
File: figs/sensitivityResults/hurrMonths/ACE_Index_Hurr_Months.pdf Graphic file
 (type eps)
<figs/sensitivityResults/hurrMonths/ACE_Index_Hurr_Months.pdf>

! LaTeX Error: Cannot determine size of graphic in figs/sensitivityResults/hurr
Months/Major_Hurricanes_Index_Hurr_Months.pdf (no BoundingBox).

See the LaTeX manual or LaTeX Companion for explanation.
Type  H <return>  for immediate help.
 ...                                              
                                                  
l.170 ...s/Major_Hurricanes_Index_Hurr_Months.pdf}
                                                  
? 
File: figs/sensitivityResults/hurrMonths/Major_Hurricanes_Index_Hurr_Months.pdf
 Graphic file (type eps)
<figs/sensitivityResults/hurrMonths/Major_Hurricanes_Index_Hurr_Months.pdf>
Overfull \hbox (73.44864pt too wide) in paragraph at lines 163--174
[][]   [] 
 []


! LaTeX Error: Cannot determine size of graphic in figs/sensitivityResults/hurr
Months/ACE_Index_Hurr_Months.pdf (no BoundingBox).

See the LaTeX manual or LaTeX Companion for explanation.
Type  H <return>  for immediate help.
 ...                                              
                                                  
l.177 ...lts/hurrMonths/ACE_Index_Hurr_Months.pdf}
                                                  
? 
File: figs/sensitivityResults/hurrMonths/ACE_Index_Hurr_Months.pdf Graphic file
 (type eps)
<figs/sensitivityResults/hurrMonths/ACE_Index_Hurr_Months.pdf>

! LaTeX Error: Cannot determine size of graphic in figs/sensitivityResults/hurr
Months/Major_Hurricanes_Index_Hurr_Months.pdf (no BoundingBox).

See the LaTeX manual or LaTeX Companion for explanation.
Type  H <return>  for immediate help.
 ...                                              
                                                  
l.183 ...s/Major_Hurricanes_Index_Hurr_Months.pdf}
                                                  
? 
File: figs/sensitivityResults/hurrMonths/Major_Hurricanes_Index_Hurr_Months.pdf
 Graphic file (type eps)
<figs/sensitivityResults/hurrMonths/Major_Hurricanes_Index_Hurr_Months.pdf>
Overfull \hbox (73.44864pt too wide) in paragraph at lines 176--187
[][]   [] 
 []

[8]

! LaTeX Error: Cannot determine size of graphic in figs/sensitivityResults/comp
ositeMaps/centralPressureAtlanticMap.pdf (no BoundingBox).

See the LaTeX manual or LaTeX Companion for explanation.
Type  H <return>  for immediate help.
 ...                                              
                                                  
l.193 ...ositeMaps/centralPressureAtlanticMap.pdf}
                                                  
? 
File: figs/sensitivityResults/compositeMaps/centralPressureAtlanticMap.pdf Grap
hic file (type eps)
<figs/sensitivityResults/compositeMaps/centralPressureAtlanticMap.pdf>

! LaTeX Error: Cannot determine size of graphic in figs/sensitivityResults/comp
ositeMaps/diffPIAtlanticComposites.pdf (no BoundingBox).

See the LaTeX manual or LaTeX Companion for explanation.
Type  H <return>  for immediate help.
 ...                                              
                                                  
l.199 ...mpositeMaps/diffPIAtlanticComposites.pdf}
                                                  
? 
File: figs/sensitivityResults/compositeMaps/diffPIAtlanticComposites.pdf Graphi
c file (type eps)
<figs/sensitivityResults/compositeMaps/diffPIAtlanticComposites.pdf>
Overfull \hbox (73.44864pt too wide) in paragraph at lines 192--203
[][]   [] 
 []

[9]

! LaTeX Error: Cannot determine size of graphic in figs/sensitivityResults/comp
ositeMaps/diffRHCompositesAtlanticMap.pdf (no BoundingBox).

See the LaTeX manual or LaTeX Companion for explanation.
Type  H <return>  for immediate help.
 ...                                              
                                                  
l.208 ...siteMaps/diffRHCompositesAtlanticMap.pdf}
                                                  
? 
File: figs/sensitivityResults/compositeMaps/diffRHCompositesAtlanticMap.pdf Gra
phic file (type eps)
<figs/sensitivityResults/compositeMaps/diffRHCompositesAtlanticMap.pdf>

! LaTeX Error: Cannot determine size of graphic in figs/sensitivityResults/comp
ositeMaps/diffSSTCompositesAugToOct.pdf (no BoundingBox).

See the LaTeX manual or LaTeX Companion for explanation.
Type  H <return>  for immediate help.
 ...                                              
                                                  
l.214 ...positeMaps/diffSSTCompositesAugToOct.pdf}
                                                  
? 
File: figs/sensitivityResults/compositeMaps/diffSSTCompositesAugToOct.pdf Graph
ic file (type eps)
<figs/sensitivityResults/compositeMaps/diffSSTCompositesAugToOct.pdf>
Overfull \hbox (73.44864pt too wide) in paragraph at lines 207--218
[][]   [] 
 []


! LaTeX Error: Cannot determine size of graphic in figs/sensitivityResults/comp
ositeMaps/diffWindShearAtlanticComposites.pdf (no BoundingBox).

See the LaTeX manual or LaTeX Companion for explanation.
Type  H <return>  for immediate help.
 ...                                              
                                                  
l.223 ...Maps/diffWindShearAtlanticComposites.pdf}
                                                  
? 
File: figs/sensitivityResults/compositeMaps/diffWindShearAtlanticComposites.pdf
 Graphic file (type eps)
<figs/sensitivityResults/compositeMaps/diffWindShearAtlanticComposites.pdf>

! LaTeX Error: Cannot determine size of graphic in figs/sensitivityResults/comp
ositeMaps/satDefAtlanticMap.pdf (no BoundingBox).

See the LaTeX manual or LaTeX Companion for explanation.
Type  H <return>  for immediate help.
 ...                                              
                                                  
l.229 ...ults/compositeMaps/satDefAtlanticMap.pdf}
                                                  
? 
File: figs/sensitivityResults/compositeMaps/satDefAtlanticMap.pdf Graphic file 
(type eps)
<figs/sensitivityResults/compositeMaps/satDefAtlanticMap.pdf>
Overfull \hbox (73.44864pt too wide) in paragraph at lines 222--233
[][]   [] 
 []


! LaTeX Error: Cannot determine size of graphic in figs/sensitivityResults/comp
ositeBarGraphs/RHBarGraph.pdf (no BoundingBox).

See the LaTeX manual or LaTeX Companion for explanation.
Type  H <return>  for immediate help.
 ...                                              
                                                  
l.239 ...esults/compositeBarGraphs/RHBarGraph.pdf}
                                                  
? 
File: figs/sensitivityResults/compositeBarGraphs/RHBarGraph.pdf Graphic file (t
ype eps)
<figs/sensitivityResults/compositeBarGraphs/RHBarGraph.pdf>

! LaTeX Error: Cannot determine size of graphic in figs/sensitivityResults/comp
ositeBarGraphs/avgDiffWindShearBarGraph.pdf (no BoundingBox).

See the LaTeX manual or LaTeX Companion for explanation.
Type  H <return>  for immediate help.
 ...                                              
                                                  
l.245 ...teBarGraphs/avgDiffWindShearBarGraph.pdf}
                                                  
? 
File: figs/sensitivityResults/compositeBarGraphs/avgDiffWindShearBarGraph.pdf G
raphic file (type eps)
<figs/sensitivityResults/compositeBarGraphs/avgDiffWindShearBarGraph.pdf>
Overfull \hbox (73.44864pt too wide) in paragraph at lines 238--249
[][]   [] 
 []


! LaTeX Error: Cannot determine size of graphic in figs/sensitivityResults/comp
ositeBarGraphs/centralPressureBarGraph.pdf (no BoundingBox).

See the LaTeX manual or LaTeX Companion for explanation.
Type  H <return>  for immediate help.
 ...                                              
                                                  
l.253 ...iteBarGraphs/centralPressureBarGraph.pdf}
                                                  
? 
File: figs/sensitivityResults/compositeBarGraphs/centralPressureBarGraph.pdf Gr
aphic file (type eps)
<figs/sensitivityResults/compositeBarGraphs/centralPressureBarGraph.pdf>

! LaTeX Error: Cannot determine size of graphic in figs/sensitivityResults/comp
ositeBarGraphs/satDefBarGraphSmallerBox.pdf (no BoundingBox).

See the LaTeX manual or LaTeX Companion for explanation.
Type  H <return>  for immediate help.
 ...                                              
                                                  
l.259 ...teBarGraphs/satDefBarGraphSmallerBox.pdf}
                                                  
? 
File: figs/sensitivityResults/compositeBarGraphs/satDefBarGraphSmallerBox.pdf G
raphic file (type eps)
<figs/sensitivityResults/compositeBarGraphs/satDefBarGraphSmallerBox.pdf>
Overfull \hbox (73.44864pt too wide) in paragraph at lines 252--263
[][]   [] 
 []

[10]

! LaTeX Error: Cannot determine size of graphic in figs/sensitivityResults/comp
ositeBarGraphs/avgDiffPIAtlanticCompositesBarGraph.pdf (no BoundingBox).

See the LaTeX manual or LaTeX Companion for explanation.
Type  H <return>  for immediate help.
 ...                                              
                                                  
l.267 .../avgDiffPIAtlanticCompositesBarGraph.pdf}
                                                  
? 
File: figs/sensitivityResults/compositeBarGraphs/avgDiffPIAtlanticCompositesBar
Graph.pdf Graphic file (type eps)

<figs/sensitivityResults/compositeBarGraphs/avgDiffPIAtlanticCompositesBarGraph
.pdf>

! LaTeX Error: Cannot determine size of graphic in figs/sensitivityResults/comp
ositeBarGraphs/sstBarGraph.pdf (no BoundingBox).

See the LaTeX manual or LaTeX Companion for explanation.
Type  H <return>  for immediate help.
 ...                                              
                                                  
l.273 ...sults/compositeBarGraphs/sstBarGraph.pdf}
                                                  
? 
File: figs/sensitivityResults/compositeBarGraphs/sstBarGraph.pdf Graphic file (
type eps)
<figs/sensitivityResults/compositeBarGraphs/sstBarGraph.pdf>
Overfull \hbox (73.44864pt too wide) in paragraph at lines 266--277
[][]   [] 
 []

(./sst_overview.bbl [11] [12]) [13] [14] [15] [16] (./sst_overview.aux)

LaTeX Warning: There were multiply-defined labels.

 ) 
Here is how much of TeX's memory you used:
 2367 strings out of 256217
 35321 string characters out of 1917095
 93962 words of memory out of 1500000
 5622 multiletter control sequences out of 10000+200000
 8540 words of font info for 30 fonts, out of 1200000 for 2000
 645 hyphenation exceptions out of 8191
 43i,6n,42p,3349b,479s stack positions out of 5000i,500n,6000p,200000b,15000s

Output written on sst_overview.dvi (16 pages, 26868 bytes).
