This is pdfTeX, Version 3.1415926-1.40.10 (TeX Live 2009) (format=pdflatex 2009.11.7)  27 JUL 2012 12:32
entering extended mode
 \write18 enabled.
 file:line:error style messages enabled.
 %&-line parsing enabled.
**SpatialENSOIndexResults.tex
(./SpatialENSOIndexResults.tex
LaTeX2e <2009/09/24>
Babel <v3.8l> and hyphenation patterns for english, usenglishmax, dumylang, noh
yphenation, german-x-2009-06-19, ngerman-x-2009-06-19, ancientgreek, ibycus, ar
abic, basque, bulgarian, catalan, pinyin, coptic, croatian, czech, danish, dutc
h, esperanto, estonian, farsi, finnish, french, galician, german, ngerman, mono
greek, greek, hungarian, icelandic, indonesian, interlingua, irish, italian, ku
rmanji, latin, latvian, lithuanian, mongolian, mongolian2a, bokmal, nynorsk, po
lish, portuguese, romanian, russian, sanskrit, serbian, slovak, slovenian, span
ish, swedish, turkish, ukenglish, ukrainian, uppersorbian, welsh, loaded.
(/usr/local/texlive/2009/texmf-dist/tex/latex/base/article.cls
Document Class: article 2007/10/19 v1.4h Standard LaTeX document class
(/usr/local/texlive/2009/texmf-dist/tex/latex/base/size11.clo
File: size11.clo 2007/10/19 v1.4h Standard LaTeX file (size option)
)
\c@part=\count79
\c@section=\count80
\c@subsection=\count81
\c@subsubsection=\count82
\c@paragraph=\count83
\c@subparagraph=\count84
\c@figure=\count85
\c@table=\count86
\abovecaptionskip=\skip41
\belowcaptionskip=\skip42
\bibindent=\dimen102
)
(/usr/local/texlive/2009/texmf-dist/tex/latex/fancyhdr/fancyhdr.sty
\fancy@headwidth=\skip43
\f@ncyO@elh=\skip44
\f@ncyO@erh=\skip45
\f@ncyO@olh=\skip46
\f@ncyO@orh=\skip47
\f@ncyO@elf=\skip48
\f@ncyO@erf=\skip49
\f@ncyO@olf=\skip50
\f@ncyO@orf=\skip51
)
(/usr/local/texlive/2009/texmf-dist/tex/latex/tools/enumerate.sty
Package: enumerate 1999/03/05 v3.00 enumerate extensions (DPC)
\@enLab=\toks14
)
(/usr/local/texlive/2009/texmf-dist/tex/latex/tools/array.sty
Package: array 2008/09/09 v2.4c Tabular extension package (FMi)
\col@sep=\dimen103
\extrarowheight=\dimen104
\NC@list=\toks15
\extratabsurround=\skip52
\backup@length=\skip53
)
(/usr/local/texlive/2009/texmf-dist/tex/latex/graphics/graphicx.sty
Package: graphicx 1999/02/16 v1.0f Enhanced LaTeX Graphics (DPC,SPQR)

(/usr/local/texlive/2009/texmf-dist/tex/latex/graphics/keyval.sty
Package: keyval 1999/03/16 v1.13 key=value parser (DPC)
\KV@toks@=\toks16
)
(/usr/local/texlive/2009/texmf-dist/tex/latex/graphics/graphics.sty
Package: graphics 2009/02/05 v1.0o Standard LaTeX Graphics (DPC,SPQR)

(/usr/local/texlive/2009/texmf-dist/tex/latex/graphics/trig.sty
Package: trig 1999/03/16 v1.09 sin cos tan (DPC)
)
(/usr/local/texlive/2009/texmf-dist/tex/latex/latexconfig/graphics.cfg
File: graphics.cfg 2009/08/28 v1.8 graphics configuration of TeX Live
)
Package graphics Info: Driver file: pdftex.def on input line 91.

(/usr/local/texlive/2009/texmf-dist/tex/latex/pdftex-def/pdftex.def
File: pdftex.def 2009/08/25 v0.04m Graphics/color for pdfTeX
\Gread@gobject=\count87
))
\Gin@req@height=\dimen105
\Gin@req@width=\dimen106
)
(/usr/local/texlive/2009/texmf-dist/tex/latex/geometry/geometry.sty
Package: geometry 2008/12/21 v4.2 Page Geometry

(/usr/local/texlive/2009/texmf-dist/tex/generic/oberdiek/ifpdf.sty
Package: ifpdf 2009/04/10 v2.0 Provides the ifpdf switch (HO)
Package ifpdf Info: pdfTeX in pdf mode detected.
)
(/usr/local/texlive/2009/texmf-dist/tex/generic/oberdiek/ifvtex.sty
Package: ifvtex 2008/11/04 v1.4 Switches for detecting VTeX and its modes (HO)
Package ifvtex Info: VTeX not detected.
)
\Gm@cnth=\count88
\Gm@cntv=\count89
\c@Gm@tempcnt=\count90
\Gm@bindingoffset=\dimen107
\Gm@wd@mp=\dimen108
\Gm@odd@mp=\dimen109
\Gm@even@mp=\dimen110
\Gm@dimlist=\toks17

(/usr/local/texlive/2009/texmf-dist/tex/xelatex/xetexconfig/geometry.cfg))
(./SpatialENSOIndexResults.aux)
\openout1 = `SpatialENSOIndexResults.aux'.

LaTeX Font Info:    Checking defaults for OML/cmm/m/it on input line 20.
LaTeX Font Info:    ... okay on input line 20.
LaTeX Font Info:    Checking defaults for T1/cmr/m/n on input line 20.
LaTeX Font Info:    ... okay on input line 20.
LaTeX Font Info:    Checking defaults for OT1/cmr/m/n on input line 20.
LaTeX Font Info:    ... okay on input line 20.
LaTeX Font Info:    Checking defaults for OMS/cmsy/m/n on input line 20.
LaTeX Font Info:    ... okay on input line 20.
LaTeX Font Info:    Checking defaults for OMX/cmex/m/n on input line 20.
LaTeX Font Info:    ... okay on input line 20.
LaTeX Font Info:    Checking defaults for U/cmr/m/n on input line 20.
LaTeX Font Info:    ... okay on input line 20.

(/usr/local/texlive/2009/texmf-dist/tex/context/base/supp-pdf.mkii
[Loading MPS to PDF converter (version 2006.09.02).]
\scratchcounter=\count91
\scratchdimen=\dimen111
\scratchbox=\box26
\nofMPsegments=\count92
\nofMParguments=\count93
\everyMPshowfont=\toks18
\MPscratchCnt=\count94
\MPscratchDim=\dimen112
\MPnumerator=\count95
\everyMPtoPDFconversion=\toks19
)
*geometry auto-detecting driver*
*geometry detected driver: pdftex*
-------------------- Geometry parameters
paper: class default
landscape: --
twocolumn: --
twoside: --
asymmetric: --
h-parts: 101.17755pt, 411.9399pt, 101.17755pt
v-parts: 101.17755pt, 592.61488pt, 101.17755pt
hmarginratio: --
vmarginratio: --
lines: --
heightrounded: --
bindingoffset: 0.0pt
truedimen: --
includehead: --
includefoot: --
includemp: --
driver: pdftex
-------------------- Page layout dimensions and switches
\paperwidth  614.295pt
\paperheight 794.96999pt
\textwidth  411.9399pt
\textheight 592.61488pt
\oddsidemargin  28.90756pt
\evensidemargin 28.90756pt
\topmargin  -8.09244pt
\headheight 35.0pt
\headsep    25.0pt
\footskip   30.0pt
\marginparwidth 59.0pt
\marginparsep   10.0pt
\columnsep  10.0pt
\skip\footins  10.0pt plus 4.0pt minus 2.0pt
\hoffset 0.0pt
\voffset 0.0pt
\mag 1000

(1in=72.27pt, 1cm=28.45pt)
-----------------------
<images/randomizedCrossValidationNINO.pdf, id=1, 474.44972pt x 647.2113pt>
File: images/randomizedCrossValidationNINO.pdf Graphic file (type pdf)

<use images/randomizedCrossValidationNINO.pdf> [1{/usr/local/texlive/2009/texmf
-var/fonts/map/pdftex/updmap/pdftex.map}

 <./images/randomizedCrossValidationNINO.pdf>] <images/randomizedCrossValidatio
nOLR.pdf, id=27, 614.295pt x 794.97pt>
File: images/randomizedCrossValidationOLR.pdf Graphic file (type pdf)

<use images/randomizedCrossValidationOLR.pdf>
Overfull \hbox (18.06366pt too wide) in paragraph at lines 27--28
[] 
 []

[2 <./images/randomizedCrossValidationOLR.pdf>]
<images/randomizedCrossValidationSST.pdf, id=35, 614.295pt x 794.97pt>
File: images/randomizedCrossValidationSST.pdf Graphic file (type pdf)

<use images/randomizedCrossValidationSST.pdf>
Overfull \hbox (18.06366pt too wide) in paragraph at lines 30--31
[] 
 []

<images/randomizedCrossValidationSSTAndOLR.pdf, id=36, 614.295pt x 794.97pt>
File: images/randomizedCrossValidationSSTAndOLR.pdf Graphic file (type pdf)

<use images/randomizedCrossValidationSSTAndOLR.pdf> [3 <./images/randomizedCros
sValidationSST.pdf>] [4 <./images/randomizedCrossValidationSSTAndOLR.pdf>]
LaTeX Font Info:    External font `cmex10' loaded for size
(Font)              <10.95> on input line 36.
LaTeX Font Info:    External font `cmex10' loaded for size
(Font)              <8> on input line 36.
LaTeX Font Info:    External font `cmex10' loaded for size
(Font)              <6> on input line 36.

<images/varyingMonthsForMDRAveragesGeopotential500-1000mbar.pdf, id=51, 614.295
pt x 794.97pt>
File: images/varyingMonthsForMDRAveragesGeopotential500-1000mbar.pdf Graphic fi
le (type pdf)

<use images/varyingMonthsForMDRAveragesGeopotential500-1000mbar.pdf>
<images/varyingMonthsForMDRAveragesGeopotential500mbar.pdf, id=52, 614.295pt x 
794.97pt>
File: images/varyingMonthsForMDRAveragesGeopotential500mbar.pdf Graphic file (t
ype pdf)
 <use images/varyingMonthsForMDRAveragesGeopotential500mbar.pdf>
Overfull \hbox (18.06366pt too wide) in paragraph at lines 42--43
[] 
 []

[5 <./images/varyingMonthsForMDRAveragesGeopotential500-1000mbar.pdf>]
<images/varyingMonthsForMDRAveragesSST.pdf, id=62, 614.295pt x 794.97pt>
File: images/varyingMonthsForMDRAveragesSST.pdf Graphic file (type pdf)

<use images/varyingMonthsForMDRAveragesSST.pdf>
Overfull \hbox (11.9241pt too wide) in paragraph at lines 45--46
[] 
 []

[6 <./images/varyingMonthsForMDRAveragesGeopotential500mbar.pdf>]
<images/varyingMonthsForMDRAveragesSurfacePressure.pdf, id=70, 614.295pt x 794.
97pt>
File: images/varyingMonthsForMDRAveragesSurfacePressure.pdf Graphic file (type 
pdf)
 <use images/varyingMonthsForMDRAveragesSurfacePressure.pdf>
Overfull \hbox (18.06366pt too wide) in paragraph at lines 48--49
[] 
 []

[7 <./images/varyingMonthsForMDRAveragesSST.pdf>]
<images/varyingMonthsForMDRAveragesWindShear.pdf, id=78, 614.295pt x 794.97pt>
File: images/varyingMonthsForMDRAveragesWindShear.pdf Graphic file (type pdf)

<use images/varyingMonthsForMDRAveragesWindShear.pdf>
Overfull \hbox (18.06366pt too wide) in paragraph at lines 51--52
[] 
 []

[8 <./images/varyingMonthsForMDRAveragesSurfacePressure.pdf>] [9 <./images/vary
ingMonthsForMDRAveragesWindShear.pdf>]
<images/varyingStdDevForCompositesGeopotential500-1000mbar.pdf, id=93, 528.5988
pt x 422.87906pt>
File: images/varyingStdDevForCompositesGeopotential500-1000mbar.pdf Graphic fil
e (type pdf)

<use images/varyingStdDevForCompositesGeopotential500-1000mbar.pdf> [10 <./imag
es/varyingStdDevForCompositesGeopotential500-1000mbar.pdf>]
<images/varyingStdDevForCompositesGeopotential500mbar.pdf, id=116, 524.73102pt 
x 424.1684pt>
File: images/varyingStdDevForCompositesGeopotential500mbar.pdf Graphic file (ty
pe pdf)
 <use images/varyingStdDevForCompositesGeopotential500mbar.pdf>
<images/varyingStdDevForCompositesSST.pdf, id=117, 523.44177pt x 429.32545pt>
File: images/varyingStdDevForCompositesSST.pdf Graphic file (type pdf)

<use images/varyingStdDevForCompositesSST.pdf>
<images/varyingStdDevForCompositesCentralPressure.pdf, id=118, 523.44177pt x 42
6.74681pt>
File: images/varyingStdDevForCompositesCentralPressure.pdf Graphic file (type p
df)
 <use images/varyingStdDevForCompositesCentralPressure.pdf> [11 <./images/varyi
ngStdDevForCompositesGeopotential500mbar.pdf> <./images/varyingStdDevForComposi
tesSST.pdf>]
<images/varyingStdDevForCompositesWindShear.pdf, id=160, 522.15248pt x 429.3254
5pt>
File: images/varyingStdDevForCompositesWindShear.pdf Graphic file (type pdf)
 <use images/varyingStdDevForCompositesWindShear.pdf>
<images/compareSSTComposites.pdf, id=161, 604.66545pt x 576.30174pt>
File: images/compareSSTComposites.pdf Graphic file (type pdf)

<use images/compareSSTComposites.pdf>
Overfull \hbox (41.55807pt too wide) in paragraph at lines 75--76
[] 
 []

[12 <./images/varyingStdDevForCompositesCentralPressure.pdf> <./images/varyingS
tdDevForCompositesWindShear.pdf>] [13 <./images/compareSSTComposites.pdf>]
<images/compareWindShearComposites.pdf, id=226, 614.295pt x 573.72313pt>
File: images/compareWindShearComposites.pdf Graphic file (type pdf)

<use images/compareWindShearComposites.pdf>
Overfull \hbox (48.78021pt too wide) in paragraph at lines 79--80
[] 
 []

[14 <./images/compareWindShearComposites.pdf>]
<images/comparePIComposites.pdf, id=249, 608.5333pt x 565.9875pt>
File: images/comparePIComposites.pdf Graphic file (type pdf)

<use images/comparePIComposites.pdf>
Overfull \hbox (44.45895pt too wide) in paragraph at lines 83--84
[] 
 []

[15 <./images/comparePIComposites.pdf>]
<images/compareRHComposites.pdf, id=272, 614.295pt x 567.27681pt>
File: images/compareRHComposites.pdf Graphic file (type pdf)

<use images/compareRHComposites.pdf>
Overfull \hbox (48.78021pt too wide) in paragraph at lines 87--88
[] 
 []

[16 <./images/compareRHComposites.pdf>] (./SpatialENSOIndexResults.aux) ) 
Here is how much of TeX's memory you used:
 1573 strings out of 493848
 24027 string characters out of 3149207
 73399 words of memory out of 3000000
 4860 multiletter control sequences out of 15000+200000
 7589 words of font info for 27 fonts, out of 3000000 for 9000
 714 hyphenation exceptions out of 8191
 25i,10n,43p,616b,190s stack positions out of 5000i,500n,10000p,200000b,50000s
</usr/
local/texlive/2009/texmf-dist/fonts/type1/public/amsfonts/cm/cmbx12.pfb></usr/l
ocal/texlive/2009/texmf-dist/fonts/type1/public/amsfonts/cm/cmmi8.pfb></usr/loc
al/texlive/2009/texmf-dist/fonts/type1/public/amsfonts/cm/cmr10.pfb></usr/local
/texlive/2009/texmf-dist/fonts/type1/public/amsfonts/cm/cmsy10.pfb>
Output written on SpatialENSOIndexResults.pdf (16 pages, 641154 bytes).
PDF statistics:
 309 PDF objects out of 1000 (max. 8388607)
 0 named destinations out of 1000 (max. 500000)
 91 words of extra memory for PDF output out of 10000 (max. 10000000)

